<?xml version="1.0" encoding="UTF-8"?>
<!-- Generated by org.testng.reporters.JUnitReportReporter -->
<testsuite skipped="0" hostname="S60L-Darshana" name="testcases.LinkTest" tests="1" failures="0" timestamp="15 Jun 2019 04:27:34 GMT" time="4.556" errors="0">
  <testcase name="logintest" time="4.556" classname="testcases.LinkTest"/>
</testsuite> <!-- testcases.LinkTest -->
